# JRE version: OpenJDK Runtime Environment (17.0.2+8) (build 17.0.2+8-86)
# Java VM: OpenJDK 64-Bit Server VM (17.0.2+8-86, mixed mode, sharing, tiered, compressed oops, compressed class ptrs, g1 gc, windows-amd64)
GC Precious Log:
 CPUs: 12 total, 12 available
 Memory: 16016M
 Large Page Support: Disabled
 NUMA Support: Disabled
 Compressed Oops: Enabled (Zero based)
 Heap Region Size: 2M
 Heap Min Capacity: 8M
 Heap Initial Capacity: 252M
 Heap Max Capacity: 4006M
 Pre-touch: Disabled
 Parallel Workers: 10
 Concurrent Workers: 3
 Concurrent Refinement Workers: 10
 Periodic GC: Disabled
Heap:
 garbage-first heap   total 157696K, used 27637K [0x0000000705a00000, 0x0000000800000000)
  region size 2048K, 9 young (18432K), 1 survivors (2048K)
 Metaspace       used 29159K, committed 29504K, reserved 1081344K
  class space    used 4015K, committed 4160K, reserved 1048576K
GC Heap History (16 events):
Event: 0.610 GC heap before
{Heap before GC invocations=0 (full 0):
 garbage-first heap   total 258048K, used 20480K [0x0000000705a00000, 0x0000000800000000)
  region size 2048K, 11 young (22528K), 0 survivors (0K)
 Metaspace       used 4280K, committed 4480K, reserved 1056768K
  class space    used 417K, committed 512K, reserved 1048576K
}
Event: 0.614 GC heap after
{Heap after GC invocations=1 (full 0):
 garbage-first heap   total 258048K, used 7353K [0x0000000705a00000, 0x0000000800000000)
  region size 2048K, 2 young (4096K), 2 survivors (4096K)
 Metaspace       used 4280K, committed 4480K, reserved 1056768K
  class space    used 417K, committed 512K, reserved 1048576K
}
Event: 1.395 GC heap before
{Heap before GC invocations=1 (full 0):
 garbage-first heap   total 258048K, used 33977K [0x0000000705a00000, 0x0000000800000000)
  region size 2048K, 15 young (30720K), 2 survivors (4096K)
 Metaspace       used 7845K, committed 8064K, reserved 1056768K
  class space    used 941K, committed 1024K, reserved 1048576K
}
Event: 1.400 GC heap after
{Heap after GC invocations=2 (full 0):
 garbage-first heap   total 258048K, used 8474K [0x0000000705a00000, 0x0000000800000000)
  region size 2048K, 1 young (2048K), 1 survivors (2048K)
 Metaspace       used 7845K, committed 8064K, reserved 1056768K
  class space    used 941K, committed 1024K, reserved 1048576K
}
Event: 3.462 GC heap before
{Heap before GC invocations=2 (full 0):
 garbage-first heap   total 258048K, used 160026K [0x0000000705a00000, 0x0000000800000000)
  region size 2048K, 75 young (153600K), 1 survivors (2048K)
 Metaspace       used 21149K, committed 21440K, reserved 1073152K
  class space    used 3027K, committed 3136K, reserved 1048576K
}
Event: 3.466 GC heap after
{Heap after GC invocations=3 (full 0):
 garbage-first heap   total 258048K, used 11578K [0x0000000705a00000, 0x0000000800000000)
  region size 2048K, 3 young (6144K), 3 survivors (6144K)
 Metaspace       used 21149K, committed 21440K, reserved 1073152K
  class space    used 3027K, committed 3136K, reserved 1048576K
}
Event: 3.481 GC heap before
{Heap before GC invocations=3 (full 0):
 garbage-first heap   total 258048K, used 11578K [0x0000000705a00000, 0x0000000800000000)
  region size 2048K, 4 young (8192K), 3 survivors (6144K)
 Metaspace       used 21220K, committed 21504K, reserved 1073152K
  class space    used 3040K, committed 3200K, reserved 1048576K
}
Event: 3.483 GC heap after
{Heap after GC invocations=4 (full 0):
 garbage-first heap   total 258048K, used 11691K [0x0000000705a00000, 0x0000000800000000)
  region size 2048K, 3 young (6144K), 3 survivors (6144K)
 Metaspace       used 21220K, committed 21504K, reserved 1073152K
  class space    used 3040K, committed 3200K, reserved 1048576K
}
Event: 3.792 GC heap before
{Heap before GC invocations=5 (full 0):
 garbage-first heap   total 55296K, used 38315K [0x0000000705a00000, 0x0000000800000000)
  region size 2048K, 16 young (32768K), 3 survivors (6144K)
 Metaspace       used 23438K, committed 23808K, reserved 1073152K
  class space    used 3290K, committed 3456K, reserved 1048576K
}
Event: 3.797 GC heap after
{Heap after GC invocations=6 (full 0):
 garbage-first heap   total 55296K, used 12571K [0x0000000705a00000, 0x0000000800000000)
  region size 2048K, 1 young (2048K), 1 survivors (2048K)
 Metaspace       used 23438K, committed 23808K, reserved 1073152K
  class space    used 3290K, committed 3456K, reserved 1048576K
}
Event: 3.827 GC heap before
{Heap before GC invocations=6 (full 0):
 garbage-first heap   total 55296K, used 14619K [0x0000000705a00000, 0x0000000800000000)
  region size 2048K, 2 young (4096K), 1 survivors (2048K)
 Metaspace       used 23622K, committed 23936K, reserved 1073152K
  class space    used 3312K, committed 3456K, reserved 1048576K
}
Event: 3.829 GC heap after
{Heap after GC invocations=7 (full 0):
 garbage-first heap   total 55296K, used 12165K [0x0000000705a00000, 0x0000000800000000)
  region size 2048K, 1 young (2048K), 1 survivors (2048K)
 Metaspace       used 23622K, committed 23936K, reserved 1073152K
  class space    used 3312K, committed 3456K, reserved 1048576K
}
Event: 4.004 GC heap before
{Heap before GC invocations=7 (full 0):
 garbage-first heap   total 55296K, used 36741K [0x0000000705a00000, 0x0000000800000000)
  region size 2048K, 13 young (26624K), 1 survivors (2048K)
 Metaspace       used 25471K, committed 25856K, reserved 1073152K
  class space    used 3522K, committed 3712K, reserved 1048576K
}
Event: 4.006 GC heap after
{Heap after GC invocations=8 (full 0):
 garbage-first heap   total 55296K, used 12987K [0x0000000705a00000, 0x0000000800000000)
  region size 2048K, 1 young (2048K), 1 survivors (2048K)
 Metaspace       used 25471K, committed 25856K, reserved 1073152K
  class space    used 3522K, committed 3712K, reserved 1048576K
}
Event: 4.275 GC heap before
{Heap before GC invocations=8 (full 0):
 garbage-first heap   total 55296K, used 39611K [0x0000000705a00000, 0x0000000800000000)
  region size 2048K, 14 young (28672K), 1 survivors (2048K)
 Metaspace       used 27679K, committed 27968K, reserved 1081344K
  class space    used 3835K, committed 3968K, reserved 1048576K
}
Event: 4.277 GC heap after
{Heap after GC invocations=9 (full 0):
 garbage-first heap   total 157696K, used 13301K [0x0000000705a00000, 0x0000000800000000)
  region size 2048K, 1 young (2048K), 1 survivors (2048K)
 Metaspace       used 27679K, committed 27968K, reserved 1081344K
  class space    used 3835K, committed 3968K, reserved 1048576K
}

